  WinAnimation.cpp
  WinCondition.cpp
  main.cpp
d:\cs161\carogame\carogame\menu.h(1): warning C4067: unexpected tokens following preprocessor directive - expected a newline
d:\cs161\carogame\carogame\menu.h(2): warning C4067: unexpected tokens following preprocessor directive - expected a newline
d:\cs161\carogame\carogame\menu.h(3): warning C4067: unexpected tokens following preprocessor directive - expected a newline
d:\cs161\carogame\carogame\options.h(1): warning C4067: unexpected tokens following preprocessor directive - expected a newline
d:\cs161\carogame\carogame\options.h(2): warning C4067: unexpected tokens following preprocessor directive - expected a newline
d:\cs161\carogame\carogame\play.h(1): warning C4067: unexpected tokens following preprocessor directive - expected a newline
d:\cs161\carogame\carogame\play.h(2): warning C4067: unexpected tokens following preprocessor directive - expected a newline
d:\cs161\carogame\carogame\main.cpp(208): warning C4244: 'argument': conversion from 'int' to 'T', possible loss of data
          with
          [
              T=float
          ]
d:\cs161\carogame\carogame\main.cpp(212): warning C4244: 'argument': conversion from 'int' to 'T', possible loss of data
          with
          [
              T=float
          ]
d:\cs161\carogame\carogame\main.cpp(218): warning C4244: 'argument': conversion from 'int' to 'T', possible loss of data
          with
          [
              T=float
          ]
d:\cs161\carogame\carogame\main.cpp(224): warning C4244: 'argument': conversion from 'int' to 'T', possible loss of data
          with
          [
              T=float
          ]
d:\cs161\carogame\carogame\main.cpp(230): warning C4244: 'argument': conversion from 'int' to 'T', possible loss of data
          with
          [
              T=float
          ]
d:\cs161\carogame\carogame\main.cpp(234): warning C4244: 'argument': conversion from 'int' to 'T', possible loss of data
          with
          [
              T=float
          ]
d:\cs161\carogame\carogame\main.cpp(239): warning C4244: 'argument': conversion from 'int' to 'T', possible loss of data
          with
          [
              T=float
          ]
d:\cs161\carogame\carogame\main.cpp(244): warning C4244: 'argument': conversion from 'int' to 'T', possible loss of data
          with
          [
              T=float
          ]
d:\cs161\carogame\carogame\main.cpp(252): warning C4244: 'argument': conversion from 'int' to 'T', possible loss of data
          with
          [
              T=float
          ]
d:\cs161\carogame\carogame\main.cpp(255): warning C4244: 'argument': conversion from 'int' to 'T', possible loss of data
          with
          [
              T=float
          ]
d:\cs161\carogame\carogame\main.cpp(260): warning C4244: 'argument': conversion from 'int' to 'T', possible loss of data
          with
          [
              T=float
          ]
d:\cs161\carogame\carogame\main.cpp(265): warning C4244: 'argument': conversion from 'int' to 'T', possible loss of data
          with
          [
              T=float
          ]
d:\cs161\carogame\carogame\main.cpp(296): warning C4244: 'argument': conversion from 'int' to 'T', possible loss of data
          with
          [
              T=float
          ]
d:\cs161\carogame\carogame\main.cpp(333): warning C4244: 'argument': conversion from 'int' to 'T', possible loss of data
          with
          [
              T=float
          ]
d:\cs161\carogame\carogame\main.cpp(365): warning C4244: 'argument': conversion from 'int' to 'T', possible loss of data
          with
          [
              T=float
          ]
d:\cs161\carogame\carogame\main.cpp(376): warning C4244: 'argument': conversion from 'int' to 'T', possible loss of data
          with
          [
              T=float
          ]
d:\cs161\carogame\carogame\main.cpp(383): warning C4244: 'argument': conversion from 'int' to 'T', possible loss of data
          with
          [
              T=float
          ]
d:\cs161\carogame\carogame\main.cpp(390): warning C4244: 'argument': conversion from 'int' to 'T', possible loss of data
          with
          [
              T=float
          ]
d:\cs161\carogame\carogame\main.cpp(397): warning C4244: 'argument': conversion from 'int' to 'T', possible loss of data
          with
          [
              T=float
          ]
d:\cs161\carogame\carogame\main.cpp(415): warning C4244: 'argument': conversion from 'int' to 'T', possible loss of data
          with
          [
              T=float
          ]
d:\cs161\carogame\carogame\main.cpp(419): warning C4244: 'argument': conversion from 'int' to 'T', possible loss of data
          with
          [
              T=float
          ]
d:\cs161\carogame\carogame\main.cpp(423): warning C4244: 'argument': conversion from 'int' to 'T', possible loss of data
          with
          [
              T=float
          ]
d:\cs161\carogame\carogame\main.cpp(427): warning C4244: 'argument': conversion from 'int' to 'T', possible loss of data
          with
          [
              T=float
          ]
d:\cs161\carogame\carogame\main.cpp(434): warning C4244: 'argument': conversion from 'int' to 'T', possible loss of data
          with
          [
              T=float
          ]
d:\cs161\carogame\carogame\main.cpp(465): warning C4244: 'argument': conversion from 'int' to 'T', possible loss of data
          with
          [
              T=float
          ]
d:\cs161\carogame\carogame\main.cpp(466): warning C4244: 'argument': conversion from 'int' to 'float', possible loss of data
d:\cs161\carogame\carogame\main.cpp(473): warning C4244: 'argument': conversion from 'int' to 'T', possible loss of data
          with
          [
              T=float
          ]
d:\cs161\carogame\carogame\main.cpp(474): warning C4244: 'argument': conversion from 'int' to 'float', possible loss of data
  Generating Code...
  carogame.vcxproj -> D:\cs161\carogame\Debug\carogame.exe
