  aboutus.cpp
d:\cs161\carogame\carogame\aboutus.cpp(5): warning C4806: '==': unsafe operation: no value of type 'bool' promoted to type 'int' can equal the given constant
  Init.cpp
d:\cs161\carogame\carogame\init.cpp(7): warning C4244: '=': conversion from 'T' to 'int', possible loss of data
          with
          [
              T=float
          ]
d:\cs161\carogame\carogame\init.cpp(9): warning C4244: 'argument': conversion from 'int' to 'float', possible loss of data
d:\cs161\carogame\carogame\init.cpp(14): warning C4244: 'initializing': conversion from 'T' to 'int', possible loss of data
          with
          [
              T=float
          ]
d:\cs161\carogame\carogame\init.cpp(15): warning C4244: 'initializing': conversion from 'T' to 'int', possible loss of data
          with
          [
              T=float
          ]
d:\cs161\carogame\carogame\init.cpp(16): warning C4244: 'argument': conversion from 'int' to 'float', possible loss of data
d:\cs161\carogame\carogame\init.cpp(25): warning C4244: '=': conversion from 'T' to 'int', possible loss of data
          with
          [
              T=float
          ]
d:\cs161\carogame\carogame\init.cpp(27): warning C4244: 'argument': conversion from 'int' to 'float', possible loss of data
d:\cs161\carogame\carogame\init.cpp(61): warning C4244: 'argument': conversion from 'int' to 'float', possible loss of data
d:\cs161\carogame\carogame\init.cpp(66): warning C4244: 'initializing': conversion from 'T' to 'int', possible loss of data
          with
          [
              T=float
          ]
d:\cs161\carogame\carogame\init.cpp(67): warning C4244: 'argument': conversion from 'int' to 'float', possible loss of data
  LoadData.cpp
d:\cs161\carogame\carogame\loaddata.cpp(18): warning C4806: '!=': unsafe operation: no value of type 'bool' promoted to type 'int' can equal the given constant
d:\cs161\carogame\carogame\loaddata.cpp(23): warning C4806: '==': unsafe operation: no value of type 'bool' promoted to type 'int' can equal the given constant
  main.cpp
d:\cs161\carogame\carogame\menu.h(1): warning C4067: unexpected tokens following preprocessor directive - expected a newline
d:\cs161\carogame\carogame\menu.h(2): warning C4067: unexpected tokens following preprocessor directive - expected a newline
d:\cs161\carogame\carogame\menu.h(3): warning C4067: unexpected tokens following preprocessor directive - expected a newline
d:\cs161\carogame\carogame\options.h(1): warning C4067: unexpected tokens following preprocessor directive - expected a newline
d:\cs161\carogame\carogame\options.h(2): warning C4067: unexpected tokens following preprocessor directive - expected a newline
d:\cs161\carogame\carogame\play.h(1): warning C4067: unexpected tokens following preprocessor directive - expected a newline
d:\cs161\carogame\carogame\play.h(2): warning C4067: unexpected tokens following preprocessor directive - expected a newline
d:\cs161\carogame\carogame\main.cpp(224): warning C4244: 'argument': conversion from 'int' to 'float', possible loss of data
d:\cs161\carogame\carogame\main.cpp(228): warning C4244: 'argument': conversion from 'int' to 'float', possible loss of data
d:\cs161\carogame\carogame\main.cpp(261): warning C4244: 'argument': conversion from 'int' to 'T', possible loss of data
          with
          [
              T=float
          ]
d:\cs161\carogame\carogame\main.cpp(269): warning C4244: 'argument': conversion from 'int' to 'T', possible loss of data
          with
          [
              T=float
          ]
d:\cs161\carogame\carogame\main.cpp(279): warning C4244: 'argument': conversion from 'int' to 'T', possible loss of data
          with
          [
              T=float
          ]
d:\cs161\carogame\carogame\main.cpp(289): warning C4244: 'argument': conversion from 'int' to 'T', possible loss of data
          with
          [
              T=float
          ]
d:\cs161\carogame\carogame\main.cpp(299): warning C4244: 'argument': conversion from 'int' to 'T', possible loss of data
          with
          [
              T=float
          ]
d:\cs161\carogame\carogame\main.cpp(303): warning C4244: 'argument': conversion from 'int' to 'T', possible loss of data
          with
          [
              T=float
          ]
d:\cs161\carogame\carogame\main.cpp(312): warning C4244: 'argument': conversion from 'int' to 'T', possible loss of data
          with
          [
              T=float
          ]
d:\cs161\carogame\carogame\main.cpp(317): warning C4244: 'argument': conversion from 'int' to 'T', possible loss of data
          with
          [
              T=float
          ]
d:\cs161\carogame\carogame\main.cpp(325): warning C4244: 'argument': conversion from 'int' to 'T', possible loss of data
          with
          [
              T=float
          ]
d:\cs161\carogame\carogame\main.cpp(328): warning C4244: 'argument': conversion from 'int' to 'T', possible loss of data
          with
          [
              T=float
          ]
d:\cs161\carogame\carogame\main.cpp(333): warning C4244: 'argument': conversion from 'int' to 'T', possible loss of data
          with
          [
              T=float
          ]
d:\cs161\carogame\carogame\main.cpp(338): warning C4244: 'argument': conversion from 'int' to 'T', possible loss of data
          with
          [
              T=float
          ]
d:\cs161\carogame\carogame\main.cpp(385): warning C4244: 'argument': conversion from 'int' to 'T', possible loss of data
          with
          [
              T=float
          ]
d:\cs161\carogame\carogame\main.cpp(423): warning C4244: 'argument': conversion from 'int' to 'T', possible loss of data
          with
          [
              T=float
          ]
d:\cs161\carogame\carogame\main.cpp(455): warning C4244: 'argument': conversion from 'int' to 'T', possible loss of data
          with
          [
              T=float
          ]
d:\cs161\carogame\carogame\main.cpp(466): warning C4244: 'argument': conversion from 'int' to 'T', possible loss of data
          with
          [
              T=float
          ]
d:\cs161\carogame\carogame\main.cpp(473): warning C4244: 'argument': conversion from 'int' to 'T', possible loss of data
          with
          [
              T=float
          ]
d:\cs161\carogame\carogame\main.cpp(486): warning C4244: 'argument': conversion from 'int' to 'T', possible loss of data
          with
          [
              T=float
          ]
d:\cs161\carogame\carogame\main.cpp(501): warning C4244: 'argument': conversion from 'int' to 'T', possible loss of data
          with
          [
              T=float
          ]
d:\cs161\carogame\carogame\main.cpp(519): warning C4244: 'argument': conversion from 'int' to 'T', possible loss of data
          with
          [
              T=float
          ]
d:\cs161\carogame\carogame\main.cpp(523): warning C4244: 'argument': conversion from 'int' to 'T', possible loss of data
          with
          [
              T=float
          ]
d:\cs161\carogame\carogame\main.cpp(527): warning C4244: 'argument': conversion from 'int' to 'T', possible loss of data
          with
          [
              T=float
          ]
d:\cs161\carogame\carogame\main.cpp(531): warning C4244: 'argument': conversion from 'int' to 'T', possible loss of data
          with
          [
              T=float
          ]
d:\cs161\carogame\carogame\main.cpp(539): warning C4244: 'argument': conversion from 'int' to 'T', possible loss of data
          with
          [
              T=float
          ]
d:\cs161\carogame\carogame\main.cpp(553): warning C4244: 'argument': conversion from 'int' to 'T', possible loss of data
          with
          [
              T=float
          ]
d:\cs161\carogame\carogame\main.cpp(557): warning C4244: 'argument': conversion from 'int' to 'T', possible loss of data
          with
          [
              T=float
          ]
d:\cs161\carogame\carogame\main.cpp(577): warning C4244: 'argument': conversion from 'int' to 'T', possible loss of data
          with
          [
              T=float
          ]
d:\cs161\carogame\carogame\main.cpp(581): warning C4244: 'argument': conversion from 'int' to 'T', possible loss of data
          with
          [
              T=float
          ]
d:\cs161\carogame\carogame\main.cpp(587): warning C4244: 'argument': conversion from 'int' to 'T', possible loss of data
          with
          [
              T=float
          ]
d:\cs161\carogame\carogame\main.cpp(591): warning C4244: 'argument': conversion from 'int' to 'T', possible loss of data
          with
          [
              T=float
          ]
d:\cs161\carogame\carogame\main.cpp(647): warning C4244: 'argument': conversion from 'int' to 'T', possible loss of data
          with
          [
              T=float
          ]
d:\cs161\carogame\carogame\main.cpp(652): warning C4244: 'argument': conversion from 'int' to 'T', possible loss of data
          with
          [
              T=float
          ]
d:\cs161\carogame\carogame\main.cpp(658): warning C4244: 'argument': conversion from 'int' to 'T', possible loss of data
          with
          [
              T=float
          ]
d:\cs161\carogame\carogame\main.cpp(666): warning C4554: '&': check operator precedence for possible error; use parentheses to clarify precedence
d:\cs161\carogame\carogame\main.cpp(691): warning C4244: 'argument': conversion from 'int' to 'T', possible loss of data
          with
          [
              T=float
          ]
d:\cs161\carogame\carogame\main.cpp(702): warning C4244: 'argument': conversion from 'int' to 'T', possible loss of data
          with
          [
              T=float
          ]
d:\cs161\carogame\carogame\main.cpp(708): warning C4244: 'argument': conversion from 'int' to 'T', possible loss of data
          with
          [
              T=float
          ]
d:\cs161\carogame\carogame\main.cpp(716): warning C4244: 'argument': conversion from 'int' to 'T', possible loss of data
          with
          [
              T=float
          ]
d:\cs161\carogame\carogame\main.cpp(721): warning C4244: 'argument': conversion from 'int' to 'T', possible loss of data
          with
          [
              T=float
          ]
d:\cs161\carogame\carogame\main.cpp(744): warning C4244: 'argument': conversion from 'int' to 'T', possible loss of data
          with
          [
              T=float
          ]
d:\cs161\carogame\carogame\main.cpp(753): warning C4244: 'argument': conversion from 'int' to 'T', possible loss of data
          with
          [
              T=float
          ]
d:\cs161\carogame\carogame\main.cpp(754): warning C4244: 'argument': conversion from 'int' to 'float', possible loss of data
d:\cs161\carogame\carogame\main.cpp(923): warning C4244: 'argument': conversion from 'int' to 'T', possible loss of data
          with
          [
              T=float
          ]
d:\cs161\carogame\carogame\main.cpp(924): warning C4244: 'argument': conversion from 'int' to 'float', possible loss of data
d:\cs161\carogame\carogame\main.cpp(931): warning C4244: 'argument': conversion from 'int' to 'T', possible loss of data
          with
          [
              T=float
          ]
d:\cs161\carogame\carogame\main.cpp(932): warning C4244: 'argument': conversion from 'int' to 'float', possible loss of data
  Menu.cpp
d:\cs161\carogame\carogame\menu.cpp(1): warning C4067: unexpected tokens following preprocessor directive - expected a newline
d:\cs161\carogame\carogame\menu.h(1): warning C4067: unexpected tokens following preprocessor directive - expected a newline
d:\cs161\carogame\carogame\menu.h(2): warning C4067: unexpected tokens following preprocessor directive - expected a newline
d:\cs161\carogame\carogame\menu.h(3): warning C4067: unexpected tokens following preprocessor directive - expected a newline
  Options.cpp
d:\cs161\carogame\carogame\options.h(1): warning C4067: unexpected tokens following preprocessor directive - expected a newline
d:\cs161\carogame\carogame\options.h(2): warning C4067: unexpected tokens following preprocessor directive - expected a newline
d:\cs161\carogame\carogame\options.cpp(67): warning C4018: '<': signed/unsigned mismatch
  Play.cpp
d:\cs161\carogame\carogame\play.h(1): warning C4067: unexpected tokens following preprocessor directive - expected a newline
d:\cs161\carogame\carogame\play.h(2): warning C4067: unexpected tokens following preprocessor directive - expected a newline
  PlayPvC.cpp
  SaveAndLoadGame.cpp
  Statistics.cpp
d:\cs161\carogame\carogame\statistics.cpp(73): warning C4018: '<': signed/unsigned mismatch
  WinAnimation.cpp
  WinCondition.cpp
  Generating code
  All 635 functions were compiled because no usable IPDB/IOBJ from previous compilation was found.
  Finished generating code
  carogame.vcxproj -> D:\cs161\carogame\Release\carogame.exe
